<?xml version="1.0" encoding="UTF-8"?>
<testsuite xmlns:xsi="http://www.w3.org/2001/XMLSchema-instance" xsi:noNamespaceSchemaLocation="https://maven.apache.org/surefire/maven-surefire-plugin/xsd/surefire-test-report.xsd" name="MyMoneyTest" time="0.121" tests="44" errors="0" skipped="0" failures="0">
  <properties>
[...]
</properties>
  <testcase name="getCashValuesTest{double}[1]" classname="MyMoneyTest" time="0.029"/>
  <testcase name="getCashValuesTest{double}[2]" classname="MyMoneyTest" time="0.001"/>
  <testcase name="getCashValuesTest{double}[3]" classname="MyMoneyTest" time="0"/>
  <testcase name="getCashValuesTest{double}[4]" classname="MyMoneyTest" time="0"/>
  <testcase name="getCashValuesTest{double}[5]" classname="MyMoneyTest" time="0"/>
  <testcase name="getCashValuesTest{double}[6]" classname="MyMoneyTest" time="0"/>
  <testcase name="getCashValuesTest{double}[7]" classname="MyMoneyTest" time="0"/>
  <testcase name="getCashValuesTest{double}[8]" classname="MyMoneyTest" time="0"/>
  <testcase name="lumpSum_VariableRateTest" classname="MyMoneyTest" time="0.002"/>
  <testcase name="getInterestValuesTest" classname="MyMoneyTest" time="0.001"/>
  <testcase name="compoundSavings_variableContributionTestTwo" classname="MyMoneyTest" time="0.001"/>
  <testcase name="compoundSavings_sameContributionTest" classname="MyMoneyTest" time="0"/>
  <testcase name="getCashValuesTestTwo{double}[1]" classname="MyMoneyTest" time="0"/>
  <testcase name="getCashValuesTestTwo{double}[2]" classname="MyMoneyTest" time="0"/>
  <testcase name="getCashValuesTestTwo{double}[3]" classname="MyMoneyTest" time="0.001"/>
  <testcase name="getCashValuesTestTwo{double}[4]" classname="MyMoneyTest" time="0"/>
  <testcase name="getCashValuesTestTwo{double}[5]" classname="MyMoneyTest" time="0.001"/>
  <testcase name="getCashValuesTestTwo{double}[6]" classname="MyMoneyTest" time="0.001"/>
  <testcase name="getCashValuesTestTwo{double}[7]" classname="MyMoneyTest" time="0"/>
  <testcase name="getCashValuesTestTwo{double}[8]" classname="MyMoneyTest" time="0"/>
  <testcase name="getInterestValuesTestTwo" classname="MyMoneyTest" time="0"/>
  <testcase name="lumpSum_ConstantRateTest2" classname="MyMoneyTest" time="0"/>
  <testcase name="lumpSum_VariableRateTestTwo" classname="MyMoneyTest" time="0"/>
  <testcase name="lumpSum_ConstantRateTest" classname="MyMoneyTest" time="0.001"/>
  <testcase name="compoundSavings_sameContributionTestTwo" classname="MyMoneyTest" time="0"/>
  <testcase name="constructorOneTestTwo" classname="MyMoneyTest" time="0.001"/>
  <testcase name="constructorOneTest{double}[1]" classname="MyMoneyTest" time="0"/>
  <testcase name="constructorOneTest{double}[2]" classname="MyMoneyTest" time="0"/>
  <testcase name="constructorOneTest{double}[3]" classname="MyMoneyTest" time="0"/>
  <testcase name="constructorOneTest{double}[4]" classname="MyMoneyTest" time="0.001"/>
  <testcase name="constructorOneTest{double}[5]" classname="MyMoneyTest" time="0.001"/>
  <testcase name="constructorOneTest{double}[6]" classname="MyMoneyTest" time="0.001"/>
  <testcase name="constructorOneTest{double}[7]" classname="MyMoneyTest" time="0"/>
  <testcase name="constructorOneTest{double}[8]" classname="MyMoneyTest" time="0"/>
  <testcase name="constructorTwoTestTwo" classname="MyMoneyTest" time="0.001"/>
  <testcase name="constructorTwoTest{double}[1]" classname="MyMoneyTest" time="0.001"/>
  <testcase name="constructorTwoTest{double}[2]" classname="MyMoneyTest" time="0"/>
  <testcase name="constructorTwoTest{double}[3]" classname="MyMoneyTest" time="0"/>
  <testcase name="constructorTwoTest{double}[4]" classname="MyMoneyTest" time="0"/>
  <testcase name="constructorTwoTest{double}[5]" classname="MyMoneyTest" time="0.001"/>
  <testcase name="constructorTwoTest{double}[6]" classname="MyMoneyTest" time="0.001"/>
  <testcase name="constructorTwoTest{double}[7]" classname="MyMoneyTest" time="0.001"/>
  <testcase name="constructorTwoTest{double}[8]" classname="MyMoneyTest" time="0.001"/>
  <testcase name="compoundSavings_variableContributionTest" classname="MyMoneyTest" time="0.001"/>
</testsuite>